Determining if the pthread_create exist failed with the following output:
Change Dir: /home/juan/git/rebvo/ros/build/CMakeFiles/CMakeTmp

Run Build Command:/usr/bin/make "cmTryCompileExec2497527565/fast"
/usr/bin/make -f CMakeFiles/cmTryCompileExec2497527565.dir/build.make CMakeFiles/cmTryCompileExec2497527565.dir/build
make[1]: Entering directory `/home/juan/git/rebvo/ros/build/CMakeFiles/CMakeTmp'
/usr/bin/cmake -E cmake_progress_report /home/juan/git/rebvo/ros/build/CMakeFiles/CMakeTmp/CMakeFiles 1
Building C object CMakeFiles/cmTryCompileExec2497527565.dir/CheckSymbolExists.c.o
/usr/bin/cc    -o CMakeFiles/cmTryCompileExec2497527565.dir/CheckSymbolExists.c.o   -c /home/juan/git/rebvo/ros/build/CMakeFiles/CMakeTmp/CheckSymbolExists.c
Linking C executable cmTryCompileExec2497527565
/usr/bin/cmake -E cmake_link_script CMakeFiles/cmTryCompileExec2497527565.dir/link.txt --verbose=1
/usr/bin/cc       CMakeFiles/cmTryCompileExec2497527565.dir/CheckSymbolExists.c.o  -o cmTryCompileExec2497527565 -rdynamic 
CMakeFiles/cmTryCompileExec2497527565.dir/CheckSymbolExists.c.o: In function `main':
CheckSymbolExists.c:(.text+0x16): undefined reference to `pthread_create'
collect2: error: ld returned 1 exit status
make[1]: *** [cmTryCompileExec2497527565] Error 1
make[1]: Leaving directory `/home/juan/git/rebvo/ros/build/CMakeFiles/CMakeTmp'
make: *** [cmTryCompileExec2497527565/fast] Error 2

File /home/juan/git/rebvo/ros/build/CMakeFiles/CMakeTmp/CheckSymbolExists.c:
/* */
#include <pthread.h>

int main(int argc, char** argv)
{
  (void)argv;
#ifndef pthread_create
  return ((int*)(&pthread_create))[argc];
#else
  (void)argc;
  return 0;
#endif
}

Determining if the function pthread_create exists in the pthreads failed with the following output:
Change Dir: /home/juan/git/rebvo/ros/build/CMakeFiles/CMakeTmp

Run Build Command:/usr/bin/make "cmTryCompileExec2606062260/fast"
/usr/bin/make -f CMakeFiles/cmTryCompileExec2606062260.dir/build.make CMakeFiles/cmTryCompileExec2606062260.dir/build
make[1]: Entering directory `/home/juan/git/rebvo/ros/build/CMakeFiles/CMakeTmp'
/usr/bin/cmake -E cmake_progress_report /home/juan/git/rebvo/ros/build/CMakeFiles/CMakeTmp/CMakeFiles 1
Building C object CMakeFiles/cmTryCompileExec2606062260.dir/CheckFunctionExists.c.o
/usr/bin/cc   -DCHECK_FUNCTION_EXISTS=pthread_create   -o CMakeFiles/cmTryCompileExec2606062260.dir/CheckFunctionExists.c.o   -c /usr/share/cmake-2.8/Modules/CheckFunctionExists.c
Linking C executable cmTryCompileExec2606062260
/usr/bin/cmake -E cmake_link_script CMakeFiles/cmTryCompileExec2606062260.dir/link.txt --verbose=1
/usr/bin/cc   -DCHECK_FUNCTION_EXISTS=pthread_create    CMakeFiles/cmTryCompileExec2606062260.dir/CheckFunctionExists.c.o  -o cmTryCompileExec2606062260 -rdynamic -lpthreads 
/usr/bin/ld: cannot find -lpthreads
collect2: error: ld returned 1 exit status
make[1]: *** [cmTryCompileExec2606062260] Error 1
make[1]: Leaving directory `/home/juan/git/rebvo/ros/build/CMakeFiles/CMakeTmp'
make: *** [cmTryCompileExec2606062260/fast] Error 2


